build/app/intermediates/manifest_merge_blame_file/debug/manifest-merger-blame-debug-report.txt
1<?xml version="1.0" encoding="utf-8"?>
2<manifest xmlns:android="http://schemas.android.com/apk/res/android"
3    package="com.example.ieee"
4    android:versionCode="1"
5    android:versionName="1.0.0" >
6
7    <uses-sdk
8        android:minSdkVersion="21"
9        android:targetSdkVersion="28" />
10    <!--
11         Flutter needs it to communicate with the running application
12         to allow setting breakpoints, to provide hot reload, etc.
13    -->
14    <uses-permission android:name="android.permission.INTERNET" />
14-->src/debug/AndroidManifest.xml:6:5-66
14-->src/debug/AndroidManifest.xml:6:22-64
15    <uses-permission android:name="android.permission.CAMERA" /> <!-- Don't require camera, as this requires a rear camera. This allows it to work on the Nexus 7 -->
15-->[com.journeyapps:zxing-android-embedded:3.5.0] AndroidManifest.xml:21:5-65
15-->[com.journeyapps:zxing-android-embedded:3.5.0] AndroidManifest.xml:21:22-62
16    <uses-feature
16-->[com.journeyapps:zxing-android-embedded:3.5.0] AndroidManifest.xml:24:5-26:36
17        android:name="android.hardware.camera"
17-->[com.journeyapps:zxing-android-embedded:3.5.0] AndroidManifest.xml:25:9-47
18        android:required="false" />
18-->[com.journeyapps:zxing-android-embedded:3.5.0] AndroidManifest.xml:26:9-33
19    <uses-feature
19-->[com.journeyapps:zxing-android-embedded:3.5.0] AndroidManifest.xml:27:5-29:36
20        android:name="android.hardware.camera.front"
20-->[com.journeyapps:zxing-android-embedded:3.5.0] AndroidManifest.xml:28:9-53
21        android:required="false" /> <!-- TODO replace above two with next line after Android 4.2 -->
21-->[com.journeyapps:zxing-android-embedded:3.5.0] AndroidManifest.xml:29:9-33
22    <!-- <uses-feature android:name="android.hardware.camera.any"/> -->
23    <uses-feature
23-->[com.journeyapps:zxing-android-embedded:3.5.0] AndroidManifest.xml:32:5-34:36
24        android:name="android.hardware.camera.autofocus"
24-->[com.journeyapps:zxing-android-embedded:3.5.0] AndroidManifest.xml:33:9-57
25        android:required="false" />
25-->[com.journeyapps:zxing-android-embedded:3.5.0] AndroidManifest.xml:34:9-33
26    <uses-feature
26-->[com.journeyapps:zxing-android-embedded:3.5.0] AndroidManifest.xml:35:5-37:36
27        android:name="android.hardware.camera.flash"
27-->[com.journeyapps:zxing-android-embedded:3.5.0] AndroidManifest.xml:36:9-53
28        android:required="false" />
28-->[com.journeyapps:zxing-android-embedded:3.5.0] AndroidManifest.xml:37:9-33
29    <uses-feature
29-->[com.journeyapps:zxing-android-embedded:3.5.0] AndroidManifest.xml:38:5-40:36
30        android:name="android.hardware.screen.landscape"
30-->[com.journeyapps:zxing-android-embedded:3.5.0] AndroidManifest.xml:39:9-57
31        android:required="false" />
31-->[com.journeyapps:zxing-android-embedded:3.5.0] AndroidManifest.xml:40:9-33
32    <uses-feature
32-->[com.journeyapps:zxing-android-embedded:3.5.0] AndroidManifest.xml:41:5-43:36
33        android:name="android.hardware.wifi"
33-->[com.journeyapps:zxing-android-embedded:3.5.0] AndroidManifest.xml:42:9-45
34        android:required="false" />
34-->[com.journeyapps:zxing-android-embedded:3.5.0] AndroidManifest.xml:43:9-33
35    <!--
36 io.flutter.app.FlutterApplication is an android.app.Application that
37         calls FlutterMain.startInitialization(this); in its onCreate method.
38         In most cases you can leave this as-is, but you if you want to provide
39         additional functionality it is fine to subclass or reimplement
40         FlutterApplication and put your custom class here.
41    -->
42    <application
42-->src/main/AndroidManifest.xml:8:5-29:19
43        android:name="io.flutter.app.FlutterApplication"
43-->src/main/AndroidManifest.xml:9:9-57
44        android:appComponentFactory="androidx.core.app.CoreComponentFactory"
44-->[androidx.core:core:1.0.0] AndroidManifest.xml:22:18-86
45        android:debuggable="true"
46        android:icon="@mipmap/ic_launcher"
46-->src/main/AndroidManifest.xml:11:9-43
47        android:label="ieee" >
47-->src/main/AndroidManifest.xml:10:9-29
48        <activity
48-->src/main/AndroidManifest.xml:12:9-23:20
49            android:name="com.example.ieee.MainActivity"
49-->src/main/AndroidManifest.xml:13:13-41
50            android:configChanges="orientation|keyboardHidden|keyboard|screenSize|smallestScreenSize|locale|layoutDirection|fontScale|screenLayout|density|uiMode"
50-->src/main/AndroidManifest.xml:16:13-163
51            android:hardwareAccelerated="true"
51-->src/main/AndroidManifest.xml:17:13-47
52            android:launchMode="singleTop"
52-->src/main/AndroidManifest.xml:14:13-43
53            android:theme="@style/LaunchTheme"
53-->src/main/AndroidManifest.xml:15:13-47
54            android:windowSoftInputMode="adjustResize" >
54-->src/main/AndroidManifest.xml:18:13-55
55            <intent-filter>
55-->src/main/AndroidManifest.xml:19:13-22:29
56                <action android:name="android.intent.action.MAIN" />
56-->src/main/AndroidManifest.xml:20:17-68
56-->src/main/AndroidManifest.xml:20:25-66
57
58                <category android:name="android.intent.category.LAUNCHER" />
58-->src/main/AndroidManifest.xml:21:17-76
58-->src/main/AndroidManifest.xml:21:27-74
59            </intent-filter>
60        </activity>
61        <!--
62             Don't delete the meta-data below.
63             This is used by the Flutter tool to generate GeneratedPluginRegistrant.java
64        -->
65        <meta-data
65-->src/main/AndroidManifest.xml:26:9-28:33
66            android:name="flutterEmbedding"
66-->src/main/AndroidManifest.xml:27:13-44
67            android:value="2" />
67-->src/main/AndroidManifest.xml:28:13-30
68
69        <activity
69-->[com.journeyapps:zxing-android-embedded:3.5.0] AndroidManifest.xml:46:9-52:63
70            android:name="com.journeyapps.barcodescanner.CaptureActivity"
70-->[com.journeyapps:zxing-android-embedded:3.5.0] AndroidManifest.xml:47:13-74
71            android:clearTaskOnLaunch="true"
71-->[com.journeyapps:zxing-android-embedded:3.5.0] AndroidManifest.xml:48:13-45
72            android:screenOrientation="sensorLandscape"
72-->[com.journeyapps:zxing-android-embedded:3.5.0] AndroidManifest.xml:49:13-56
73            android:stateNotNeeded="true"
73-->[com.journeyapps:zxing-android-embedded:3.5.0] AndroidManifest.xml:50:13-42
74            android:theme="@style/zxing_CaptureTheme"
74-->[com.journeyapps:zxing-android-embedded:3.5.0] AndroidManifest.xml:51:13-54
75            android:windowSoftInputMode="stateAlwaysHidden" />
75-->[com.journeyapps:zxing-android-embedded:3.5.0] AndroidManifest.xml:52:13-60
76    </application>
77
78</manifest>